Jul 02, 2020 03:22:42.907 [0xb5ebe450] INFO - Plex Tuner Service v1.0.0.0 - Docker Docker Container (LinuxServer.io) armv7l - build: 
Jul 02, 2020 03:22:42.908 [0xb5ebe450] INFO - Linux version: 4.19.118-v7l+ (#1311 SMP Mon Apr 27 14:26:42 BST 2020), language: en-US
Jul 02, 2020 03:22:42.908 [0xb5ebe450] INFO - Processor Arm
Jul 02, 2020 03:22:42.908 [0xb5ebe450] INFO - /usr/lib/plexmediaserver/Plex Tuner Service /usr/lib/plexmediaserver/Resources/Tuner/Private /usr/lib/plexmediaserver/Resources/Tuner/Shared 1.19.4.2935-79e214ead 32600 /waitmutex
Jul 02, 2020 03:22:42.881 [0xb6fa9010] INFO - [I] broker_t::start...
Jul 02, 2020 03:22:42.932 [0xb6fa9010] INFO - [I] device_manager_t::init.
Jul 02, 2020 03:22:42.932 [0xb6fa9010] INFO - [I] device_manager_t::init. Initialize provider manager
Jul 02, 2020 03:22:42.932 [0xb6fa9010] INFO - [I] device_manager_t::init. Initialize all device auxes
Jul 02, 2020 03:22:42.932 [0xb6fa9010] INFO - [I] dvb_device_factory_t::get_aux_list
Jul 02, 2020 03:22:42.937 [0xb6fa9010] INFO - [I] tvbutler_aux_t::init
Jul 02, 2020 03:22:42.946 [0xb6fa9010] INFO - [I] web_server_t::start. Starting web server on port 32600
Jul 14, 2020 02:57:40.376 [0xb6fa9010] INFO - [I] device_manager_t::term
Jul 14, 2020 02:57:40.382 [0xb6fa9010] INFO - [I] device_manager_t::term. Stop all devices
Jul 14, 2020 02:57:40.382 [0xb6fa9010] INFO - [I] device_manager_t::term. Shut down all device auxes
Jul 14, 2020 02:57:40.383 [0xb6fa9010] INFO - [I] tvbutler_aux_t::term
Jul 14, 2020 02:57:40.423 [0xb6fa9010] INFO - [I] web_server_t::stop. Web server is stopped
Jul 14, 2020 02:57:40.424 [0xb6fa9010] INFO - [I] device_manager_t::term
Jul 14, 2020 02:57:40.424 [0xb6fa9010] INFO - [I] device_manager_t::term. Stop all devices
Jul 14, 2020 02:57:40.424 [0xb6fa9010] INFO - [I] device_manager_t::term. Shut down all device auxes
Jul 14, 2020 02:57:40.425 [0xb6fa9010] INFO - [I] broker_t::shutdown. Shutdown is completed.
